# JRE version: OpenJDK Runtime Environment Temurin-21.0.10+7 (21.0.10+7) (build 21.0.10+7-LTS)
# Java VM: OpenJDK 64-Bit Server VM Temurin-21.0.10+7 (21.0.10+7-LTS, mixed mode, sharing, tiered, compressed oops, compressed class ptrs, parallel gc, windows-amd64)
GC Precious Log:
 CardTable entry size: 512
 CPUs: 12 total, 12 available
 Memory: 16088M
 Large Page Support: Disabled
 NUMA Support: Disabled
 Compressed Oops: Enabled (32-bit)
 Alignments: Space 512K, Generation 512K, Heap 2M
 Heap Min Capacity: 100M
 Heap Initial Capacity: 100M
 Heap Max Capacity: 2G
 Pre-touch: Disabled
 Parallel Workers: 10
Heap:
 PSYoungGen      total 18432K, used 4543K [0x00000000d5580000, 0x00000000d6900000, 0x0000000100000000)
  eden space 16896K, 17% used [0x00000000d5580000,0x00000000d586fd90,0x00000000d6600000)
  from space 1536K, 100% used [0x00000000d6780000,0x00000000d6900000,0x00000000d6900000)
  to   space 1536K, 0% used [0x00000000d6600000,0x00000000d6600000,0x00000000d6780000)
 ParOldGen       total 68608K, used 55398K [0x0000000080000000, 0x0000000084300000, 0x00000000d5580000)
  object space 68608K, 80% used [0x0000000080000000,0x0000000083619b30,0x0000000084300000)
 Metaspace       used 44699K, committed 45760K, reserved 1114112K
  class space    used 4306K, committed 4800K, reserved 1048576K
GC Heap History (20 events):
Event: 19.279 GC heap before
{Heap before GC invocations=29 (full 2):
 PSYoungGen      total 18432K, used 18416K [0x00000000d5580000, 0x00000000d6b80000, 0x0000000100000000)
  eden space 17920K, 100% used [0x00000000d5580000,0x00000000d6700000,0x00000000d6700000)
  from space 512K, 96% used [0x00000000d6b00000,0x00000000d6b7c010,0x00000000d6b80000)
  to   space 2048K, 0% used [0x00000000d6780000,0x00000000d6780000,0x00000000d6980000)
 ParOldGen       total 68608K, used 43261K [0x0000000080000000, 0x0000000084300000, 0x00000000d5580000)
  object space 68608K, 63% used [0x0000000080000000,0x0000000082a3f6a8,0x0000000084300000)
 Metaspace       used 43788K, committed 44800K, reserved 1114112K
  class space    used 4291K, committed 4736K, reserved 1048576K
}
Event: 19.282 GC heap after
{Heap after GC invocations=29 (full 2):
 PSYoungGen      total 19968K, used 1883K [0x00000000d5580000, 0x00000000d6c00000, 0x0000000100000000)
  eden space 17920K, 0% used [0x00000000d5580000,0x00000000d5580000,0x00000000d6700000)
  from space 2048K, 91% used [0x00000000d6780000,0x00000000d6956d10,0x00000000d6980000)
  to   space 2560K, 0% used [0x00000000d6980000,0x00000000d6980000,0x00000000d6c00000)
 ParOldGen       total 68608K, used 43606K [0x0000000080000000, 0x0000000084300000, 0x00000000d5580000)
  object space 68608K, 63% used [0x0000000080000000,0x0000000082a95b90,0x0000000084300000)
 Metaspace       used 43788K, committed 44800K, reserved 1114112K
  class space    used 4291K, committed 4736K, reserved 1048576K
}
Event: 19.361 GC heap before
{Heap before GC invocations=30 (full 2):
 PSYoungGen      total 19968K, used 19803K [0x00000000d5580000, 0x00000000d6c00000, 0x0000000100000000)
  eden space 17920K, 100% used [0x00000000d5580000,0x00000000d6700000,0x00000000d6700000)
  from space 2048K, 91% used [0x00000000d6780000,0x00000000d6956d10,0x00000000d6980000)
  to   space 2560K, 0% used [0x00000000d6980000,0x00000000d6980000,0x00000000d6c00000)
 ParOldGen       total 68608K, used 43606K [0x0000000080000000, 0x0000000084300000, 0x00000000d5580000)
  object space 68608K, 63% used [0x0000000080000000,0x0000000082a95b90,0x0000000084300000)
 Metaspace       used 43917K, committed 44928K, reserved 1114112K
  class space    used 4291K, committed 4736K, reserved 1048576K
}
Event: 19.363 GC heap after
{Heap after GC invocations=30 (full 2):
 PSYoungGen      total 19968K, used 1600K [0x00000000d5580000, 0x00000000d6b80000, 0x0000000100000000)
  eden space 17920K, 0% used [0x00000000d5580000,0x00000000d5580000,0x00000000d6700000)
  from space 2048K, 78% used [0x00000000d6980000,0x00000000d6b10000,0x00000000d6b80000)
  to   space 2048K, 0% used [0x00000000d6780000,0x00000000d6780000,0x00000000d6980000)
 ParOldGen       total 68608K, used 45387K [0x0000000080000000, 0x0000000084300000, 0x00000000d5580000)
  object space 68608K, 66% used [0x0000000080000000,0x0000000082c52ef0,0x0000000084300000)
 Metaspace       used 43917K, committed 44928K, reserved 1114112K
  class space    used 4291K, committed 4736K, reserved 1048576K
}
Event: 19.430 GC heap before
{Heap before GC invocations=31 (full 2):
 PSYoungGen      total 19968K, used 19520K [0x00000000d5580000, 0x00000000d6b80000, 0x0000000100000000)
  eden space 17920K, 100% used [0x00000000d5580000,0x00000000d6700000,0x00000000d6700000)
  from space 2048K, 78% used [0x00000000d6980000,0x00000000d6b10000,0x00000000d6b80000)
  to   space 2048K, 0% used [0x00000000d6780000,0x00000000d6780000,0x00000000d6980000)
 ParOldGen       total 68608K, used 45387K [0x0000000080000000, 0x0000000084300000, 0x00000000d5580000)
  object space 68608K, 66% used [0x0000000080000000,0x0000000082c52ef0,0x0000000084300000)
 Metaspace       used 44042K, committed 45056K, reserved 1114112K
  class space    used 4292K, committed 4736K, reserved 1048576K
}
Event: 19.432 GC heap after
{Heap after GC invocations=31 (full 2):
 PSYoungGen      total 19968K, used 1664K [0x00000000d5580000, 0x00000000d6b00000, 0x0000000100000000)
  eden space 17920K, 0% used [0x00000000d5580000,0x00000000d5580000,0x00000000d6700000)
  from space 2048K, 81% used [0x00000000d6780000,0x00000000d6920000,0x00000000d6980000)
  to   space 1536K, 0% used [0x00000000d6980000,0x00000000d6980000,0x00000000d6b00000)
 ParOldGen       total 68608K, used 46816K [0x0000000080000000, 0x0000000084300000, 0x00000000d5580000)
  object space 68608K, 68% used [0x0000000080000000,0x0000000082db83e0,0x0000000084300000)
 Metaspace       used 44042K, committed 45056K, reserved 1114112K
  class space    used 4292K, committed 4736K, reserved 1048576K
}
Event: 19.489 GC heap before
{Heap before GC invocations=32 (full 2):
 PSYoungGen      total 19968K, used 19584K [0x00000000d5580000, 0x00000000d6b00000, 0x0000000100000000)
  eden space 17920K, 100% used [0x00000000d5580000,0x00000000d6700000,0x00000000d6700000)
  from space 2048K, 81% used [0x00000000d6780000,0x00000000d6920000,0x00000000d6980000)
  to   space 1536K, 0% used [0x00000000d6980000,0x00000000d6980000,0x00000000d6b00000)
 ParOldGen       total 68608K, used 46816K [0x0000000080000000, 0x0000000084300000, 0x00000000d5580000)
  object space 68608K, 68% used [0x0000000080000000,0x0000000082db83e0,0x0000000084300000)
 Metaspace       used 44113K, committed 45184K, reserved 1114112K
  class space    used 4292K, committed 4736K, reserved 1048576K
}
Event: 19.491 GC heap after
{Heap after GC invocations=32 (full 2):
 PSYoungGen      total 19456K, used 1104K [0x00000000d5580000, 0x00000000d6b00000, 0x0000000100000000)
  eden space 17920K, 0% used [0x00000000d5580000,0x00000000d5580000,0x00000000d6700000)
  from space 1536K, 71% used [0x00000000d6980000,0x00000000d6a94010,0x00000000d6b00000)
  to   space 1536K, 0% used [0x00000000d6800000,0x00000000d6800000,0x00000000d6980000)
 ParOldGen       total 68608K, used 48194K [0x0000000080000000, 0x0000000084300000, 0x00000000d5580000)
  object space 68608K, 70% used [0x0000000080000000,0x0000000082f10900,0x0000000084300000)
 Metaspace       used 44113K, committed 45184K, reserved 1114112K
  class space    used 4292K, committed 4736K, reserved 1048576K
}
Event: 19.596 GC heap before
{Heap before GC invocations=33 (full 2):
 PSYoungGen      total 19456K, used 19024K [0x00000000d5580000, 0x00000000d6b00000, 0x0000000100000000)
  eden space 17920K, 100% used [0x00000000d5580000,0x00000000d6700000,0x00000000d6700000)
  from space 1536K, 71% used [0x00000000d6980000,0x00000000d6a94010,0x00000000d6b00000)
  to   space 1536K, 0% used [0x00000000d6800000,0x00000000d6800000,0x00000000d6980000)
 ParOldGen       total 68608K, used 48194K [0x0000000080000000, 0x0000000084300000, 0x00000000d5580000)
  object space 68608K, 70% used [0x0000000080000000,0x0000000082f10900,0x0000000084300000)
 Metaspace       used 44310K, committed 45376K, reserved 1114112K
  class space    used 4303K, committed 4800K, reserved 1048576K
}
Event: 19.598 GC heap after
{Heap after GC invocations=33 (full 2):
 PSYoungGen      total 19456K, used 1236K [0x00000000d5580000, 0x00000000d6a00000, 0x0000000100000000)
  eden space 17920K, 0% used [0x00000000d5580000,0x00000000d5580000,0x00000000d6700000)
  from space 1536K, 80% used [0x00000000d6800000,0x00000000d69352a0,0x00000000d6980000)
  to   space 512K, 0% used [0x00000000d6980000,0x00000000d6980000,0x00000000d6a00000)
 ParOldGen       total 68608K, used 49124K [0x0000000080000000, 0x0000000084300000, 0x00000000d5580000)
  object space 68608K, 71% used [0x0000000080000000,0x0000000082ff93c0,0x0000000084300000)
 Metaspace       used 44310K, committed 45376K, reserved 1114112K
  class space    used 4303K, committed 4800K, reserved 1048576K
}
Event: 19.980 GC heap before
{Heap before GC invocations=34 (full 2):
 PSYoungGen      total 19456K, used 19156K [0x00000000d5580000, 0x00000000d6a00000, 0x0000000100000000)
  eden space 17920K, 100% used [0x00000000d5580000,0x00000000d6700000,0x00000000d6700000)
  from space 1536K, 80% used [0x00000000d6800000,0x00000000d69352a0,0x00000000d6980000)
  to   space 512K, 0% used [0x00000000d6980000,0x00000000d6980000,0x00000000d6a00000)
 ParOldGen       total 68608K, used 49124K [0x0000000080000000, 0x0000000084300000, 0x00000000d5580000)
  object space 68608K, 71% used [0x0000000080000000,0x0000000082ff93c0,0x0000000084300000)
 Metaspace       used 44364K, committed 45440K, reserved 1114112K
  class space    used 4305K, committed 4800K, reserved 1048576K
}
Event: 19.984 GC heap after
{Heap after GC invocations=34 (full 2):
 PSYoungGen      total 17408K, used 512K [0x00000000d5580000, 0x00000000d6e00000, 0x0000000100000000)
  eden space 16896K, 0% used [0x00000000d5580000,0x00000000d5580000,0x00000000d6600000)
  from space 512K, 100% used [0x00000000d6980000,0x00000000d6a00000,0x00000000d6a00000)
  to   space 3584K, 0% used [0x00000000d6600000,0x00000000d6600000,0x00000000d6980000)
 ParOldGen       total 68608K, used 51436K [0x0000000080000000, 0x0000000084300000, 0x00000000d5580000)
  object space 68608K, 74% used [0x0000000080000000,0x000000008323b088,0x0000000084300000)
 Metaspace       used 44364K, committed 45440K, reserved 1114112K
  class space    used 4305K, committed 4800K, reserved 1048576K
}
Event: 20.945 GC heap before
{Heap before GC invocations=35 (full 2):
 PSYoungGen      total 17408K, used 17408K [0x00000000d5580000, 0x00000000d6e00000, 0x0000000100000000)
  eden space 16896K, 100% used [0x00000000d5580000,0x00000000d6600000,0x00000000d6600000)
  from space 512K, 100% used [0x00000000d6980000,0x00000000d6a00000,0x00000000d6a00000)
  to   space 3584K, 0% used [0x00000000d6600000,0x00000000d6600000,0x00000000d6980000)
 ParOldGen       total 68608K, used 51436K [0x0000000080000000, 0x0000000084300000, 0x00000000d5580000)
  object space 68608K, 74% used [0x0000000080000000,0x000000008323b088,0x0000000084300000)
 Metaspace       used 44550K, committed 45632K, reserved 1114112K
  class space    used 4305K, committed 4800K, reserved 1048576K
}
Event: 20.948 GC heap after
{Heap after GC invocations=35 (full 2):
 PSYoungGen      total 18432K, used 1142K [0x00000000d5580000, 0x00000000d6a00000, 0x0000000100000000)
  eden space 16896K, 0% used [0x00000000d5580000,0x00000000d5580000,0x00000000d6600000)
  from space 1536K, 74% used [0x00000000d6600000,0x00000000d671da30,0x00000000d6780000)
  to   space 2048K, 0% used [0x00000000d6800000,0x00000000d6800000,0x00000000d6a00000)
 ParOldGen       total 68608K, used 51965K [0x0000000080000000, 0x0000000084300000, 0x00000000d5580000)
  object space 68608K, 75% used [0x0000000080000000,0x00000000832bf518,0x0000000084300000)
 Metaspace       used 44550K, committed 45632K, reserved 1114112K
  class space    used 4305K, committed 4800K, reserved 1048576K
}
Event: 21.284 GC heap before
{Heap before GC invocations=36 (full 2):
 PSYoungGen      total 18432K, used 18038K [0x00000000d5580000, 0x00000000d6a00000, 0x0000000100000000)
  eden space 16896K, 100% used [0x00000000d5580000,0x00000000d6600000,0x00000000d6600000)
  from space 1536K, 74% used [0x00000000d6600000,0x00000000d671da30,0x00000000d6780000)
  to   space 2048K, 0% used [0x00000000d6800000,0x00000000d6800000,0x00000000d6a00000)
 ParOldGen       total 68608K, used 51965K [0x0000000080000000, 0x0000000084300000, 0x00000000d5580000)
  object space 68608K, 75% used [0x0000000080000000,0x00000000832bf518,0x0000000084300000)
 Metaspace       used 44577K, committed 45632K, reserved 1114112K
  class space    used 4306K, committed 4800K, reserved 1048576K
}
Event: 21.287 GC heap after
{Heap after GC invocations=36 (full 2):
 PSYoungGen      total 18432K, used 1184K [0x00000000d5580000, 0x00000000d6980000, 0x0000000100000000)
  eden space 16896K, 0% used [0x00000000d5580000,0x00000000d5580000,0x00000000d6600000)
  from space 1536K, 77% used [0x00000000d6800000,0x00000000d6928000,0x00000000d6980000)
  to   space 1536K, 0% used [0x00000000d6600000,0x00000000d6600000,0x00000000d6780000)
 ParOldGen       total 68608K, used 52940K [0x0000000080000000, 0x0000000084300000, 0x00000000d5580000)
  object space 68608K, 77% used [0x0000000080000000,0x00000000833b33e8,0x0000000084300000)
 Metaspace       used 44577K, committed 45632K, reserved 1114112K
  class space    used 4306K, committed 4800K, reserved 1048576K
}
Event: 21.678 GC heap before
{Heap before GC invocations=37 (full 2):
 PSYoungGen      total 18432K, used 18080K [0x00000000d5580000, 0x00000000d6980000, 0x0000000100000000)
  eden space 16896K, 100% used [0x00000000d5580000,0x00000000d6600000,0x00000000d6600000)
  from space 1536K, 77% used [0x00000000d6800000,0x00000000d6928000,0x00000000d6980000)
  to   space 1536K, 0% used [0x00000000d6600000,0x00000000d6600000,0x00000000d6780000)
 ParOldGen       total 68608K, used 52940K [0x0000000080000000, 0x0000000084300000, 0x00000000d5580000)
  object space 68608K, 77% used [0x0000000080000000,0x00000000833b33e8,0x0000000084300000)
 Metaspace       used 44628K, committed 45696K, reserved 1114112K
  class space    used 4306K, committed 4800K, reserved 1048576K
}
Event: 21.682 GC heap after
{Heap after GC invocations=37 (full 2):
 PSYoungGen      total 18432K, used 1327K [0x00000000d5580000, 0x00000000d6900000, 0x0000000100000000)
  eden space 16896K, 0% used [0x00000000d5580000,0x00000000d5580000,0x00000000d6600000)
  from space 1536K, 86% used [0x00000000d6600000,0x00000000d674bfd0,0x00000000d6780000)
  to   space 1536K, 0% used [0x00000000d6780000,0x00000000d6780000,0x00000000d6900000)
 ParOldGen       total 68608K, used 53955K [0x0000000080000000, 0x0000000084300000, 0x00000000d5580000)
  object space 68608K, 78% used [0x0000000080000000,0x00000000834b0dc8,0x0000000084300000)
 Metaspace       used 44628K, committed 45696K, reserved 1114112K
  class space    used 4306K, committed 4800K, reserved 1048576K
}
Event: 22.816 GC heap before
{Heap before GC invocations=38 (full 2):
 PSYoungGen      total 18432K, used 18223K [0x00000000d5580000, 0x00000000d6900000, 0x0000000100000000)
  eden space 16896K, 100% used [0x00000000d5580000,0x00000000d6600000,0x00000000d6600000)
  from space 1536K, 86% used [0x00000000d6600000,0x00000000d674bfd0,0x00000000d6780000)
  to   space 1536K, 0% used [0x00000000d6780000,0x00000000d6780000,0x00000000d6900000)
 ParOldGen       total 68608K, used 53955K [0x0000000080000000, 0x0000000084300000, 0x00000000d5580000)
  object space 68608K, 78% used [0x0000000080000000,0x00000000834b0dc8,0x0000000084300000)
 Metaspace       used 44697K, committed 45760K, reserved 1114112K
  class space    used 4306K, committed 4800K, reserved 1048576K
}
Event: 22.829 GC heap after
{Heap after GC invocations=38 (full 2):
 PSYoungGen      total 18432K, used 1536K [0x00000000d5580000, 0x00000000d6900000, 0x0000000100000000)
  eden space 16896K, 0% used [0x00000000d5580000,0x00000000d5580000,0x00000000d6600000)
  from space 1536K, 100% used [0x00000000d6780000,0x00000000d6900000,0x00000000d6900000)
  to   space 1536K, 0% used [0x00000000d6600000,0x00000000d6600000,0x00000000d6780000)
 ParOldGen       total 68608K, used 55398K [0x0000000080000000, 0x0000000084300000, 0x00000000d5580000)
  object space 68608K, 80% used [0x0000000080000000,0x0000000083619b30,0x0000000084300000)
 Metaspace       used 44697K, committed 45760K, reserved 1114112K
  class space    used 4306K, committed 4800K, reserved 1048576K
}

