# JRE version: OpenJDK Runtime Environment Temurin-21.0.10+7 (21.0.10+7) (build 21.0.10+7-LTS)
# Java VM: OpenJDK 64-Bit Server VM Temurin-21.0.10+7 (21.0.10+7-LTS, mixed mode, sharing, tiered, compressed oops, compressed class ptrs, parallel gc, windows-amd64)
GC Precious Log:
 CardTable entry size: 512
 CPUs: 12 total, 12 available
 Memory: 16088M
 Large Page Support: Disabled
 NUMA Support: Disabled
 Compressed Oops: Enabled (32-bit)
 Alignments: Space 512K, Generation 512K, Heap 2M
 Heap Min Capacity: 100M
 Heap Initial Capacity: 100M
 Heap Max Capacity: 2G
 Pre-touch: Disabled
 Parallel Workers: 10
Heap:
 PSYoungGen      total 5120K, used 3785K [0x00000000d5580000, 0x00000000d5b80000, 0x0000000100000000)
  eden space 4608K, 73% used [0x00000000d5580000,0x00000000d58d2720,0x00000000d5a00000)
  from space 512K, 75% used [0x00000000d5b00000,0x00000000d5b60000,0x00000000d5b80000)
  to   space 512K, 0% used [0x00000000d5a80000,0x00000000d5a80000,0x00000000d5b00000)
 ParOldGen       total 84480K, used 84344K [0x0000000080000000, 0x0000000085280000, 0x00000000d5580000)
  object space 84480K, 99% used [0x0000000080000000,0x000000008525e1e0,0x0000000085280000)
 Metaspace       used 64676K, committed 66240K, reserved 1114112K
  class space    used 6739K, committed 7424K, reserved 1048576K
GC Heap History (20 events):
Event: 54.594 GC heap before
{Heap before GC invocations=174 (full 3):
 PSYoungGen      total 5120K, used 4973K [0x00000000d5580000, 0x00000000d5b80000, 0x0000000100000000)
  eden space 4608K, 98% used [0x00000000d5580000,0x00000000d59eb688,0x00000000d5a00000)
  from space 512K, 87% used [0x00000000d5b00000,0x00000000d5b70000,0x00000000d5b80000)
  to   space 512K, 0% used [0x00000000d5a80000,0x00000000d5a80000,0x00000000d5b00000)
 ParOldGen       total 82944K, used 82722K [0x0000000080000000, 0x0000000085100000, 0x00000000d5580000)
  object space 82944K, 99% used [0x0000000080000000,0x00000000850c88e8,0x0000000085100000)
 Metaspace       used 64545K, committed 66048K, reserved 1114112K
  class space    used 6722K, committed 7360K, reserved 1048576K
}
Event: 54.595 GC heap after
{Heap after GC invocations=174 (full 3):
 PSYoungGen      total 5120K, used 410K [0x00000000d5580000, 0x00000000d5b80000, 0x0000000100000000)
  eden space 4608K, 0% used [0x00000000d5580000,0x00000000d5580000,0x00000000d5a00000)
  from space 512K, 80% used [0x00000000d5a80000,0x00000000d5ae6900,0x00000000d5b00000)
  to   space 512K, 0% used [0x00000000d5b00000,0x00000000d5b00000,0x00000000d5b80000)
 ParOldGen       total 82944K, used 82818K [0x0000000080000000, 0x0000000085100000, 0x00000000d5580000)
  object space 82944K, 99% used [0x0000000080000000,0x00000000850e08e8,0x0000000085100000)
 Metaspace       used 64545K, committed 66048K, reserved 1114112K
  class space    used 6722K, committed 7360K, reserved 1048576K
}
Event: 54.602 GC heap before
{Heap before GC invocations=175 (full 3):
 PSYoungGen      total 5120K, used 5018K [0x00000000d5580000, 0x00000000d5b80000, 0x0000000100000000)
  eden space 4608K, 100% used [0x00000000d5580000,0x00000000d5a00000,0x00000000d5a00000)
  from space 512K, 80% used [0x00000000d5a80000,0x00000000d5ae6900,0x00000000d5b00000)
  to   space 512K, 0% used [0x00000000d5b00000,0x00000000d5b00000,0x00000000d5b80000)
 ParOldGen       total 82944K, used 82818K [0x0000000080000000, 0x0000000085100000, 0x00000000d5580000)
  object space 82944K, 99% used [0x0000000080000000,0x00000000850e08e8,0x0000000085100000)
 Metaspace       used 64545K, committed 66048K, reserved 1114112K
  class space    used 6722K, committed 7360K, reserved 1048576K
}
Event: 54.603 GC heap after
{Heap after GC invocations=175 (full 3):
 PSYoungGen      total 5120K, used 256K [0x00000000d5580000, 0x00000000d5b80000, 0x0000000100000000)
  eden space 4608K, 0% used [0x00000000d5580000,0x00000000d5580000,0x00000000d5a00000)
  from space 512K, 50% used [0x00000000d5b00000,0x00000000d5b40288,0x00000000d5b80000)
  to   space 512K, 0% used [0x00000000d5a80000,0x00000000d5a80000,0x00000000d5b00000)
 ParOldGen       total 83456K, used 83059K [0x0000000080000000, 0x0000000085180000, 0x00000000d5580000)
  object space 83456K, 99% used [0x0000000080000000,0x000000008511cce8,0x0000000085180000)
 Metaspace       used 64545K, committed 66048K, reserved 1114112K
  class space    used 6722K, committed 7360K, reserved 1048576K
}
Event: 54.621 GC heap before
{Heap before GC invocations=176 (full 3):
 PSYoungGen      total 5120K, used 4774K [0x00000000d5580000, 0x00000000d5b80000, 0x0000000100000000)
  eden space 4608K, 98% used [0x00000000d5580000,0x00000000d59e98c0,0x00000000d5a00000)
  from space 512K, 50% used [0x00000000d5b00000,0x00000000d5b40288,0x00000000d5b80000)
  to   space 512K, 0% used [0x00000000d5a80000,0x00000000d5a80000,0x00000000d5b00000)
 ParOldGen       total 83456K, used 83059K [0x0000000080000000, 0x0000000085180000, 0x00000000d5580000)
  object space 83456K, 99% used [0x0000000080000000,0x000000008511cce8,0x0000000085180000)
 Metaspace       used 64546K, committed 66048K, reserved 1114112K
  class space    used 6722K, committed 7360K, reserved 1048576K
}
Event: 54.621 GC heap after
{Heap after GC invocations=176 (full 3):
 PSYoungGen      total 5120K, used 320K [0x00000000d5580000, 0x00000000d5b80000, 0x0000000100000000)
  eden space 4608K, 0% used [0x00000000d5580000,0x00000000d5580000,0x00000000d5a00000)
  from space 512K, 62% used [0x00000000d5a80000,0x00000000d5ad0000,0x00000000d5b00000)
  to   space 512K, 0% used [0x00000000d5b00000,0x00000000d5b00000,0x00000000d5b80000)
 ParOldGen       total 83456K, used 83139K [0x0000000080000000, 0x0000000085180000, 0x00000000d5580000)
  object space 83456K, 99% used [0x0000000080000000,0x0000000085130ce8,0x0000000085180000)
 Metaspace       used 64546K, committed 66048K, reserved 1114112K
  class space    used 6722K, committed 7360K, reserved 1048576K
}
Event: 54.630 GC heap before
{Heap before GC invocations=177 (full 3):
 PSYoungGen      total 5120K, used 4928K [0x00000000d5580000, 0x00000000d5b80000, 0x0000000100000000)
  eden space 4608K, 100% used [0x00000000d5580000,0x00000000d5a00000,0x00000000d5a00000)
  from space 512K, 62% used [0x00000000d5a80000,0x00000000d5ad0000,0x00000000d5b00000)
  to   space 512K, 0% used [0x00000000d5b00000,0x00000000d5b00000,0x00000000d5b80000)
 ParOldGen       total 83456K, used 83139K [0x0000000080000000, 0x0000000085180000, 0x00000000d5580000)
  object space 83456K, 99% used [0x0000000080000000,0x0000000085130ce8,0x0000000085180000)
 Metaspace       used 64546K, committed 66048K, reserved 1114112K
  class space    used 6722K, committed 7360K, reserved 1048576K
}
Event: 54.631 GC heap after
{Heap after GC invocations=177 (full 3):
 PSYoungGen      total 5120K, used 506K [0x00000000d5580000, 0x00000000d5c00000, 0x0000000100000000)
  eden space 4608K, 0% used [0x00000000d5580000,0x00000000d5580000,0x00000000d5a00000)
  from space 512K, 98% used [0x00000000d5b00000,0x00000000d5b7eb50,0x00000000d5b80000)
  to   space 1024K, 0% used [0x00000000d5a00000,0x00000000d5a00000,0x00000000d5b00000)
 ParOldGen       total 83456K, used 83301K [0x0000000080000000, 0x0000000085180000, 0x00000000d5580000)
  object space 83456K, 99% used [0x0000000080000000,0x0000000085159690,0x0000000085180000)
 Metaspace       used 64546K, committed 66048K, reserved 1114112K
  class space    used 6722K, committed 7360K, reserved 1048576K
}
Event: 54.638 GC heap before
{Heap before GC invocations=178 (full 3):
 PSYoungGen      total 5120K, used 5114K [0x00000000d5580000, 0x00000000d5c00000, 0x0000000100000000)
  eden space 4608K, 100% used [0x00000000d5580000,0x00000000d5a00000,0x00000000d5a00000)
  from space 512K, 98% used [0x00000000d5b00000,0x00000000d5b7eb50,0x00000000d5b80000)
  to   space 1024K, 0% used [0x00000000d5a00000,0x00000000d5a00000,0x00000000d5b00000)
 ParOldGen       total 83456K, used 83301K [0x0000000080000000, 0x0000000085180000, 0x00000000d5580000)
  object space 83456K, 99% used [0x0000000080000000,0x0000000085159690,0x0000000085180000)
 Metaspace       used 64546K, committed 66048K, reserved 1114112K
  class space    used 6722K, committed 7360K, reserved 1048576K
}
Event: 54.639 GC heap after
{Heap after GC invocations=178 (full 3):
 PSYoungGen      total 5632K, used 128K [0x00000000d5580000, 0x00000000d5b80000, 0x0000000100000000)
  eden space 4608K, 0% used [0x00000000d5580000,0x00000000d5580000,0x00000000d5a00000)
  from space 1024K, 12% used [0x00000000d5a00000,0x00000000d5a20000,0x00000000d5b00000)
  to   space 512K, 0% used [0x00000000d5b00000,0x00000000d5b00000,0x00000000d5b80000)
 ParOldGen       total 83968K, used 83736K [0x0000000080000000, 0x0000000085200000, 0x00000000d5580000)
  object space 83968K, 99% used [0x0000000080000000,0x00000000851c61e0,0x0000000085200000)
 Metaspace       used 64546K, committed 66048K, reserved 1114112K
  class space    used 6722K, committed 7360K, reserved 1048576K
}
Event: 54.645 GC heap before
{Heap before GC invocations=179 (full 3):
 PSYoungGen      total 5632K, used 4735K [0x00000000d5580000, 0x00000000d5b80000, 0x0000000100000000)
  eden space 4608K, 99% used [0x00000000d5580000,0x00000000d59ffff8,0x00000000d5a00000)
  from space 1024K, 12% used [0x00000000d5a00000,0x00000000d5a20000,0x00000000d5b00000)
  to   space 512K, 0% used [0x00000000d5b00000,0x00000000d5b00000,0x00000000d5b80000)
 ParOldGen       total 83968K, used 83736K [0x0000000080000000, 0x0000000085200000, 0x00000000d5580000)
  object space 83968K, 99% used [0x0000000080000000,0x00000000851c61e0,0x0000000085200000)
 Metaspace       used 64546K, committed 66048K, reserved 1114112K
  class space    used 6722K, committed 7360K, reserved 1048576K
}
Event: 54.645 GC heap after
{Heap after GC invocations=179 (full 3):
 PSYoungGen      total 5120K, used 224K [0x00000000d5580000, 0x00000000d5b80000, 0x0000000100000000)
  eden space 4608K, 0% used [0x00000000d5580000,0x00000000d5580000,0x00000000d5a00000)
  from space 512K, 43% used [0x00000000d5b00000,0x00000000d5b38000,0x00000000d5b80000)
  to   space 512K, 0% used [0x00000000d5a80000,0x00000000d5a80000,0x00000000d5b00000)
 ParOldGen       total 83968K, used 83840K [0x0000000080000000, 0x0000000085200000, 0x00000000d5580000)
  object space 83968K, 99% used [0x0000000080000000,0x00000000851e01e0,0x0000000085200000)
 Metaspace       used 64546K, committed 66048K, reserved 1114112K
  class space    used 6722K, committed 7360K, reserved 1048576K
}
Event: 54.681 GC heap before
{Heap before GC invocations=180 (full 3):
 PSYoungGen      total 5120K, used 4755K [0x00000000d5580000, 0x00000000d5b80000, 0x0000000100000000)
  eden space 4608K, 98% used [0x00000000d5580000,0x00000000d59ecc60,0x00000000d5a00000)
  from space 512K, 43% used [0x00000000d5b00000,0x00000000d5b38000,0x00000000d5b80000)
  to   space 512K, 0% used [0x00000000d5a80000,0x00000000d5a80000,0x00000000d5b00000)
 ParOldGen       total 83968K, used 83840K [0x0000000080000000, 0x0000000085200000, 0x00000000d5580000)
  object space 83968K, 99% used [0x0000000080000000,0x00000000851e01e0,0x0000000085200000)
 Metaspace       used 64548K, committed 66048K, reserved 1114112K
  class space    used 6722K, committed 7360K, reserved 1048576K
}
Event: 54.682 GC heap after
{Heap after GC invocations=180 (full 3):
 PSYoungGen      total 5120K, used 384K [0x00000000d5580000, 0x00000000d5b80000, 0x0000000100000000)
  eden space 4608K, 0% used [0x00000000d5580000,0x00000000d5580000,0x00000000d5a00000)
  from space 512K, 75% used [0x00000000d5a80000,0x00000000d5ae0000,0x00000000d5b00000)
  to   space 512K, 0% used [0x00000000d5b00000,0x00000000d5b00000,0x00000000d5b80000)
 ParOldGen       total 83968K, used 83944K [0x0000000080000000, 0x0000000085200000, 0x00000000d5580000)
  object space 83968K, 99% used [0x0000000080000000,0x00000000851fa1e0,0x0000000085200000)
 Metaspace       used 64548K, committed 66048K, reserved 1114112K
  class space    used 6722K, committed 7360K, reserved 1048576K
}
Event: 54.699 GC heap before
{Heap before GC invocations=181 (full 3):
 PSYoungGen      total 5120K, used 4948K [0x00000000d5580000, 0x00000000d5b80000, 0x0000000100000000)
  eden space 4608K, 99% used [0x00000000d5580000,0x00000000d59f5250,0x00000000d5a00000)
  from space 512K, 75% used [0x00000000d5a80000,0x00000000d5ae0000,0x00000000d5b00000)
  to   space 512K, 0% used [0x00000000d5b00000,0x00000000d5b00000,0x00000000d5b80000)
 ParOldGen       total 83968K, used 83944K [0x0000000080000000, 0x0000000085200000, 0x00000000d5580000)
  object space 83968K, 99% used [0x0000000080000000,0x00000000851fa1e0,0x0000000085200000)
 Metaspace       used 64548K, committed 66048K, reserved 1114112K
  class space    used 6722K, committed 7360K, reserved 1048576K
}
Event: 54.700 GC heap after
{Heap after GC invocations=181 (full 3):
 PSYoungGen      total 5120K, used 320K [0x00000000d5580000, 0x00000000d5b80000, 0x0000000100000000)
  eden space 4608K, 0% used [0x00000000d5580000,0x00000000d5580000,0x00000000d5a00000)
  from space 512K, 62% used [0x00000000d5b00000,0x00000000d5b50000,0x00000000d5b80000)
  to   space 512K, 0% used [0x00000000d5a80000,0x00000000d5a80000,0x00000000d5b00000)
 ParOldGen       total 84480K, used 84144K [0x0000000080000000, 0x0000000085280000, 0x00000000d5580000)
  object space 84480K, 99% used [0x0000000080000000,0x000000008522c1e0,0x0000000085280000)
 Metaspace       used 64548K, committed 66048K, reserved 1114112K
  class space    used 6722K, committed 7360K, reserved 1048576K
}
Event: 54.746 GC heap before
{Heap before GC invocations=182 (full 3):
 PSYoungGen      total 5120K, used 4928K [0x00000000d5580000, 0x00000000d5b80000, 0x0000000100000000)
  eden space 4608K, 100% used [0x00000000d5580000,0x00000000d5a00000,0x00000000d5a00000)
  from space 512K, 62% used [0x00000000d5b00000,0x00000000d5b50000,0x00000000d5b80000)
  to   space 512K, 0% used [0x00000000d5a80000,0x00000000d5a80000,0x00000000d5b00000)
 ParOldGen       total 84480K, used 84144K [0x0000000080000000, 0x0000000085280000, 0x00000000d5580000)
  object space 84480K, 99% used [0x0000000080000000,0x000000008522c1e0,0x0000000085280000)
 Metaspace       used 64552K, committed 66048K, reserved 1114112K
  class space    used 6722K, committed 7360K, reserved 1048576K
}
Event: 54.746 GC heap after
{Heap after GC invocations=182 (full 3):
 PSYoungGen      total 5120K, used 288K [0x00000000d5580000, 0x00000000d5b80000, 0x0000000100000000)
  eden space 4608K, 0% used [0x00000000d5580000,0x00000000d5580000,0x00000000d5a00000)
  from space 512K, 56% used [0x00000000d5a80000,0x00000000d5ac8000,0x00000000d5b00000)
  to   space 512K, 0% used [0x00000000d5b00000,0x00000000d5b00000,0x00000000d5b80000)
 ParOldGen       total 84480K, used 84272K [0x0000000080000000, 0x0000000085280000, 0x00000000d5580000)
  object space 84480K, 99% used [0x0000000080000000,0x000000008524c1e0,0x0000000085280000)
 Metaspace       used 64552K, committed 66048K, reserved 1114112K
  class space    used 6722K, committed 7360K, reserved 1048576K
}
Event: 54.836 GC heap before
{Heap before GC invocations=183 (full 3):
 PSYoungGen      total 5120K, used 4896K [0x00000000d5580000, 0x00000000d5b80000, 0x0000000100000000)
  eden space 4608K, 100% used [0x00000000d5580000,0x00000000d5a00000,0x00000000d5a00000)
  from space 512K, 56% used [0x00000000d5a80000,0x00000000d5ac8000,0x00000000d5b00000)
  to   space 512K, 0% used [0x00000000d5b00000,0x00000000d5b00000,0x00000000d5b80000)
 ParOldGen       total 84480K, used 84272K [0x0000000080000000, 0x0000000085280000, 0x00000000d5580000)
  object space 84480K, 99% used [0x0000000080000000,0x000000008524c1e0,0x0000000085280000)
 Metaspace       used 64637K, committed 66112K, reserved 1114112K
  class space    used 6736K, committed 7360K, reserved 1048576K
}
Event: 54.837 GC heap after
{Heap after GC invocations=183 (full 3):
 PSYoungGen      total 5120K, used 384K [0x00000000d5580000, 0x00000000d5b80000, 0x0000000100000000)
  eden space 4608K, 0% used [0x00000000d5580000,0x00000000d5580000,0x00000000d5a00000)
  from space 512K, 75% used [0x00000000d5b00000,0x00000000d5b60000,0x00000000d5b80000)
  to   space 512K, 0% used [0x00000000d5a80000,0x00000000d5a80000,0x00000000d5b00000)
 ParOldGen       total 84480K, used 84344K [0x0000000080000000, 0x0000000085280000, 0x00000000d5580000)
  object space 84480K, 99% used [0x0000000080000000,0x000000008525e1e0,0x0000000085280000)
 Metaspace       used 64637K, committed 66112K, reserved 1114112K
  class space    used 6736K, committed 7360K, reserved 1048576K
}

